<?xml version="1.0" encoding="UTF-8"?>
<!-- Generated by org.testng.reporters.JUnitXMLReporter -->
<testsuite ignored="0" hostname="DESKTOP-QG60H0V" failures="0" tests="3" name="Test" time="48.547" errors="0" timestamp="2022-12-20T22:21:05 IST">
  <testcase classname="fbTest.FeceBookTest" name="@BeforeMethod loginOnFb" time="0.087">
    <failure type="java.io.FileNotFoundException" message="C:\Users\hp\eclipse-workspace\selenium\NeoStox.properties (The system cannot find the path specified)">
      <![CDATA[java.io.FileNotFoundException: C:\Users\hp\eclipse-workspace\selenium\NeoStox.properties (The system cannot find the path specified)
at java.base/java.io.FileInputStream.open0(Native Method)
at java.base/java.io.FileInputStream.open(FileInputStream.java:216)
at java.base/java.io.FileInputStream.<init>(FileInputStream.java:157)
at java.base/java.io.FileInputStream.<init>(FileInputStream.java:111)
at utilityStudy.NewUtilityStudy.readDataFromPropertiyfile(NewUtilityStudy.java:56)
at fbTest.FeceBookTest.loginOnFb(FeceBookTest.java:33)
at java.base/java.util.ArrayList.forEach(ArrayList.java:1511)
... Removed 31 stack frames]]>
    </failure>
  </testcase> <!-- @BeforeMethod loginOnFb -->
  <testcase classname="fbTest.FeceBookTest" name="@AfterMethod loggingOut" time="-1.671555039978E9">
    <skipped/>
  </testcase> <!-- @AfterMethod loggingOut -->
  <testcase classname="fbTest.FeceBookTest" name="@AfterClass closeBrowser" time="-1.671555040003E9">
    <skipped/>
  </testcase> <!-- @AfterClass closeBrowser -->
  <testcase classname="study.TestForNeostox" name="@BeforeClass launchingBrowser" time="25.078">
    <failure type="org.openqa.selenium.WebDriverException" message="target frame detached
  (failed to check if window was closed: disconnected: Unable to receive message from renderer)
  (Session info: chrome=108.0.5359.125)
Build info: version: &amp;apos;4.6.0&amp;apos;, revision: &amp;apos;79f1c02ae20&amp;apos;
System info: os.name: &amp;apos;Windows 10&amp;apos;, os.arch: &amp;apos;amd64&amp;apos;, os.version: &amp;apos;10.0&amp;apos;, java.version: &amp;apos;17.0.5&amp;apos;
Driver info: org.openqa.selenium.chrome.ChromeDriver
Command: [c011341cca52f25ced109cac8292f78d, get {url=https://neostox.com/}]
Capabilities {acceptInsecureCerts: false, browserName: chrome, browserVersion: 108.0.5359.125, chrome: {chromedriverVersion: 107.0.5304.62 (1eec40d3a576..., userDataDir: C:\Users\hp\AppData\Local\T...}, goog:chromeOptions: {debuggerAddress: localhost:61449}, networkConnectionEnabled: false, pageLoadStrategy: normal, platformName: WINDOWS, proxy: Proxy(), se:cdp: ws://localhost:61449/devtoo..., se:cdpVersion: 108.0.5359.125, setWindowRect: true, strictFileInteractability: false, timeouts: {implicit: 0, pageLoad: 300000, script: 30000}, unhandledPromptBehavior: dismiss and notify, webauthn:extension:credBlob: true, webauthn:extension:largeBlob: true, webauthn:virtualAuthenticators: true}
Session ID: c011341cca52f25ced109cac8292f78d">
      <![CDATA[org.openqa.selenium.WebDriverException: target frame detached
  (failed to check if window was closed: disconnected: Unable to receive message from renderer)
  (Session info: chrome=108.0.5359.125)
Build info: version: '4.6.0', revision: '79f1c02ae20'
System info: os.name: 'Windows 10', os.arch: 'amd64', os.version: '10.0', java.version: '17.0.5'
Driver info: org.openqa.selenium.chrome.ChromeDriver
Command: [c011341cca52f25ced109cac8292f78d, get {url=https://neostox.com/}]
Capabilities {acceptInsecureCerts: false, browserName: chrome, browserVersion: 108.0.5359.125, chrome: {chromedriverVersion: 107.0.5304.62 (1eec40d3a576..., userDataDir: C:\Users\hp\AppData\Local\T...}, goog:chromeOptions: {debuggerAddress: localhost:61449}, networkConnectionEnabled: false, pageLoadStrategy: normal, platformName: WINDOWS, proxy: Proxy(), se:cdp: ws://localhost:61449/devtoo..., se:cdpVersion: 108.0.5359.125, setWindowRect: true, strictFileInteractability: false, timeouts: {implicit: 0, pageLoad: 300000, script: 30000}, unhandledPromptBehavior: dismiss and notify, webauthn:extension:credBlob: true, webauthn:extension:largeBlob: true, webauthn:virtualAuthenticators: true}
Session ID: c011341cca52f25ced109cac8292f78d
at org.openqa.selenium.remote.codec.w3c.W3CHttpResponseCodec.createException(W3CHttpResponseCodec.java:200)
at org.openqa.selenium.remote.codec.w3c.W3CHttpResponseCodec.decode(W3CHttpResponseCodec.java:133)
at org.openqa.selenium.remote.codec.w3c.W3CHttpResponseCodec.decode(W3CHttpResponseCodec.java:53)
at org.openqa.selenium.remote.HttpCommandExecutor.execute(HttpCommandExecutor.java:184)
at org.openqa.selenium.remote.service.DriverCommandExecutor.invokeExecute(DriverCommandExecutor.java:167)
at org.openqa.selenium.remote.service.DriverCommandExecutor.execute(DriverCommandExecutor.java:142)
at org.openqa.selenium.remote.RemoteWebDriver.execute(RemoteWebDriver.java:541)
at org.openqa.selenium.remote.RemoteWebDriver.get(RemoteWebDriver.java:310)
at study.TestForNeostox.launchingBrowser(TestForNeostox.java:36)
at java.base/java.util.ArrayList.forEach(ArrayList.java:1511)
... Removed 30 stack frames]]>
    </failure>
  </testcase> <!-- @BeforeClass launchingBrowser -->
  <testcase classname="study.TestForNeostox" name="@BeforeMethod loginpage" time="-1.671555065113E9">
    <skipped/>
  </testcase> <!-- @BeforeMethod loginpage -->
  <testcase classname="study.TestForNeostox" name="@AfterMethod logOut" time="-1.671555065258E9">
    <skipped/>
  </testcase> <!-- @AfterMethod logOut -->
  <testcase classname="study.TestForNeostox" name="@BeforeMethod loginpage" time="-1.671555065268E9">
    <skipped/>
  </testcase> <!-- @BeforeMethod loginpage -->
  <testcase classname="study.TestForNeostox" name="@AfterMethod logOut" time="-1.671555065388E9">
    <skipped/>
  </testcase> <!-- @AfterMethod logOut -->
  <testcase classname="fbTest.FeceBookTest" name="ValidatingUserName" time="0.0">
    <skipped/>
  </testcase> <!-- ValidatingUserName -->
  <testcase classname="study.TestForNeostox" name="ValidatingUN" time="0.0">
    <skipped/>
  </testcase> <!-- ValidatingUN -->
  <testcase classname="study.TestForNeostox" name="checkingbal" time="0.0">
    <skipped/>
  </testcase> <!-- checkingbal -->
</testsuite> <!-- Test -->
